find_library: checking for mysql_query() in -lmysqlclient... -------------------- yes

"gcc -o conftest -I/home/kanish/.rvm/rubies/ruby-2.1.2/include/ruby-2.1.0/i686-linux -I/home/kanish/.rvm/rubies/ruby-2.1.2/include/ruby-2.1.0/ruby/backward -I/home/kanish/.rvm/rubies/ruby-2.1.2/include/ruby-2.1.0 -I. -I/usr/local/include  -D_FILE_OFFSET_BITS=64   -O3 -fno-fast-math -ggdb3 -Wall -Wextra -Wno-unused-parameter -Wno-parentheses -Wno-long-long -Wno-missing-field-initializers -Wunused-variable -Wpointer-arith -Wwrite-strings -Wdeclaration-after-statement -Wimplicit-function-declaration  -fPIC conftest.c  -L. -L/home/kanish/.rvm/rubies/ruby-2.1.2/lib -Wl,-R/home/kanish/.rvm/rubies/ruby-2.1.2/lib -L/usr/local/lib -Wl,-R/usr/local/lib -L. -fstack-protector -rdynamic -Wl,-export-dynamic     -Wl,-rpath,'/../lib' -Wl,-R -Wl,'/../lib' -L'/../lib' -lruby  -lpthread -lrt -ldl -lcrypt -lm   -lc"
checked program was:
/* begin */
1: #include "ruby.h"
2: 
3: int main(int argc, char **argv)
4: {
5:   return 0;
6: }
/* end */

"gcc -o conftest -I/home/kanish/.rvm/rubies/ruby-2.1.2/include/ruby-2.1.0/i686-linux -I/home/kanish/.rvm/rubies/ruby-2.1.2/include/ruby-2.1.0/ruby/backward -I/home/kanish/.rvm/rubies/ruby-2.1.2/include/ruby-2.1.0 -I. -I/usr/local/include  -D_FILE_OFFSET_BITS=64   -O3 -fno-fast-math -ggdb3 -Wall -Wextra -Wno-unused-parameter -Wno-parentheses -Wno-long-long -Wno-missing-field-initializers -Wunused-variable -Wpointer-arith -Wwrite-strings -Wdeclaration-after-statement -Wimplicit-function-declaration  -fPIC conftest.c  -L. -L/home/kanish/.rvm/rubies/ruby-2.1.2/lib -Wl,-R/home/kanish/.rvm/rubies/ruby-2.1.2/lib -L/usr/local/lib -Wl,-R/usr/local/lib -L. -fstack-protector -rdynamic -Wl,-export-dynamic     -Wl,-rpath,'/../lib' -Wl,-R -Wl,'/../lib' -L'/../lib' -lruby -lmysqlclient  -lpthread -lrt -ldl -lcrypt -lm   -lc"
conftest.c: In function ‘t’:
conftest.c:13:57: error: ‘mysql_query’ undeclared (first use in this function)
conftest.c:13:57: note: each undeclared identifier is reported only once for each function it appears in
conftest.c:13:32: warning: variable ‘p’ set but not used [-Wunused-but-set-variable]
checked program was:
/* begin */
 1: #include "ruby.h"
 2: 
 3: /*top*/
 4: extern int t(void);
 5: int main(int argc, char **argv)
 6: {
 7:   if (argc > 1000000) {
 8:     printf("%p", &t);
 9:   }
10: 
11:   return 0;
12: }
13: int t(void) { void ((*volatile p)()); p = (void ((*)()))mysql_query; return 0; }
/* end */

"gcc -o conftest -I/home/kanish/.rvm/rubies/ruby-2.1.2/include/ruby-2.1.0/i686-linux -I/home/kanish/.rvm/rubies/ruby-2.1.2/include/ruby-2.1.0/ruby/backward -I/home/kanish/.rvm/rubies/ruby-2.1.2/include/ruby-2.1.0 -I. -I/usr/local/include  -D_FILE_OFFSET_BITS=64   -O3 -fno-fast-math -ggdb3 -Wall -Wextra -Wno-unused-parameter -Wno-parentheses -Wno-long-long -Wno-missing-field-initializers -Wunused-variable -Wpointer-arith -Wwrite-strings -Wdeclaration-after-statement -Wimplicit-function-declaration  -fPIC conftest.c  -L. -L/home/kanish/.rvm/rubies/ruby-2.1.2/lib -Wl,-R/home/kanish/.rvm/rubies/ruby-2.1.2/lib -L/usr/local/lib -Wl,-R/usr/local/lib -L. -fstack-protector -rdynamic -Wl,-export-dynamic     -Wl,-rpath,'/../lib' -Wl,-R -Wl,'/../lib' -L'/../lib' -lruby -lmysqlclient  -lpthread -lrt -ldl -lcrypt -lm   -lc"
conftest.c: In function ‘t’:
conftest.c:13:1: warning: implicit declaration of function ‘mysql_query’ [-Wimplicit-function-declaration]
checked program was:
/* begin */
 1: #include "ruby.h"
 2: 
 3: /*top*/
 4: extern int t(void);
 5: int main(int argc, char **argv)
 6: {
 7:   if (argc > 1000000) {
 8:     printf("%p", &t);
 9:   }
10: 
11:   return 0;
12: }
13: int t(void) { mysql_query(); return 0; }
/* end */

--------------------

have_func: checking for mysql_ssl_set()... -------------------- yes

"gcc -o conftest -I/home/kanish/.rvm/rubies/ruby-2.1.2/include/ruby-2.1.0/i686-linux -I/home/kanish/.rvm/rubies/ruby-2.1.2/include/ruby-2.1.0/ruby/backward -I/home/kanish/.rvm/rubies/ruby-2.1.2/include/ruby-2.1.0 -I. -I/usr/local/include  -D_FILE_OFFSET_BITS=64   -O3 -fno-fast-math -ggdb3 -Wall -Wextra -Wno-unused-parameter -Wno-parentheses -Wno-long-long -Wno-missing-field-initializers -Wunused-variable -Wpointer-arith -Wwrite-strings -Wdeclaration-after-statement -Wimplicit-function-declaration  -fPIC conftest.c  -L. -L/home/kanish/.rvm/rubies/ruby-2.1.2/lib -Wl,-R/home/kanish/.rvm/rubies/ruby-2.1.2/lib -L/usr/local/lib -Wl,-R/usr/local/lib -L. -fstack-protector -rdynamic -Wl,-export-dynamic    -lmysqlclient  -Wl,-rpath,'/../lib' -Wl,-R -Wl,'/../lib' -L'/../lib' -lruby -lmysqlclient  -lpthread -lrt -ldl -lcrypt -lm   -lc"
conftest.c: In function ‘t’:
conftest.c:13:57: error: ‘mysql_ssl_set’ undeclared (first use in this function)
conftest.c:13:57: note: each undeclared identifier is reported only once for each function it appears in
conftest.c:13:32: warning: variable ‘p’ set but not used [-Wunused-but-set-variable]
checked program was:
/* begin */
 1: #include "ruby.h"
 2: 
 3: /*top*/
 4: extern int t(void);
 5: int main(int argc, char **argv)
 6: {
 7:   if (argc > 1000000) {
 8:     printf("%p", &t);
 9:   }
10: 
11:   return 0;
12: }
13: int t(void) { void ((*volatile p)()); p = (void ((*)()))mysql_ssl_set; return 0; }
/* end */

"gcc -o conftest -I/home/kanish/.rvm/rubies/ruby-2.1.2/include/ruby-2.1.0/i686-linux -I/home/kanish/.rvm/rubies/ruby-2.1.2/include/ruby-2.1.0/ruby/backward -I/home/kanish/.rvm/rubies/ruby-2.1.2/include/ruby-2.1.0 -I. -I/usr/local/include  -D_FILE_OFFSET_BITS=64   -O3 -fno-fast-math -ggdb3 -Wall -Wextra -Wno-unused-parameter -Wno-parentheses -Wno-long-long -Wno-missing-field-initializers -Wunused-variable -Wpointer-arith -Wwrite-strings -Wdeclaration-after-statement -Wimplicit-function-declaration  -fPIC conftest.c  -L. -L/home/kanish/.rvm/rubies/ruby-2.1.2/lib -Wl,-R/home/kanish/.rvm/rubies/ruby-2.1.2/lib -L/usr/local/lib -Wl,-R/usr/local/lib -L. -fstack-protector -rdynamic -Wl,-export-dynamic    -lmysqlclient  -Wl,-rpath,'/../lib' -Wl,-R -Wl,'/../lib' -L'/../lib' -lruby -lmysqlclient  -lpthread -lrt -ldl -lcrypt -lm   -lc"
conftest.c: In function ‘t’:
conftest.c:13:1: warning: implicit declaration of function ‘mysql_ssl_set’ [-Wimplicit-function-declaration]
checked program was:
/* begin */
 1: #include "ruby.h"
 2: 
 3: /*top*/
 4: extern int t(void);
 5: int main(int argc, char **argv)
 6: {
 7:   if (argc > 1000000) {
 8:     printf("%p", &t);
 9:   }
10: 
11:   return 0;
12: }
13: int t(void) { mysql_ssl_set(); return 0; }
/* end */

--------------------

have_func: checking for rb_str_set_len()... -------------------- yes

"gcc -o conftest -I/home/kanish/.rvm/rubies/ruby-2.1.2/include/ruby-2.1.0/i686-linux -I/home/kanish/.rvm/rubies/ruby-2.1.2/include/ruby-2.1.0/ruby/backward -I/home/kanish/.rvm/rubies/ruby-2.1.2/include/ruby-2.1.0 -I. -I/usr/local/include  -D_FILE_OFFSET_BITS=64   -O3 -fno-fast-math -ggdb3 -Wall -Wextra -Wno-unused-parameter -Wno-parentheses -Wno-long-long -Wno-missing-field-initializers -Wunused-variable -Wpointer-arith -Wwrite-strings -Wdeclaration-after-statement -Wimplicit-function-declaration  -fPIC conftest.c  -L. -L/home/kanish/.rvm/rubies/ruby-2.1.2/lib -Wl,-R/home/kanish/.rvm/rubies/ruby-2.1.2/lib -L/usr/local/lib -Wl,-R/usr/local/lib -L. -fstack-protector -rdynamic -Wl,-export-dynamic    -lmysqlclient  -Wl,-rpath,'/../lib' -Wl,-R -Wl,'/../lib' -L'/../lib' -lruby -lmysqlclient  -lpthread -lrt -ldl -lcrypt -lm   -lc"
conftest.c: In function ‘t’:
conftest.c:13:32: warning: variable ‘p’ set but not used [-Wunused-but-set-variable]
checked program was:
/* begin */
 1: #include "ruby.h"
 2: 
 3: /*top*/
 4: extern int t(void);
 5: int main(int argc, char **argv)
 6: {
 7:   if (argc > 1000000) {
 8:     printf("%p", &t);
 9:   }
10: 
11:   return 0;
12: }
13: int t(void) { void ((*volatile p)()); p = (void ((*)()))rb_str_set_len; return 0; }
/* end */

--------------------

have_header: checking for mysql.h... -------------------- no

"gcc -E -I/home/kanish/.rvm/rubies/ruby-2.1.2/include/ruby-2.1.0/i686-linux -I/home/kanish/.rvm/rubies/ruby-2.1.2/include/ruby-2.1.0/ruby/backward -I/home/kanish/.rvm/rubies/ruby-2.1.2/include/ruby-2.1.0 -I. -I/usr/local/include  -D_FILE_OFFSET_BITS=64   -O3 -fno-fast-math -ggdb3 -Wall -Wextra -Wno-unused-parameter -Wno-parentheses -Wno-long-long -Wno-missing-field-initializers -Wunused-variable -Wpointer-arith -Wwrite-strings -Wdeclaration-after-statement -Wimplicit-function-declaration  -fPIC  conftest.c -o conftest.i"
conftest.c:3:19: fatal error: mysql.h: No such file or directory
compilation terminated.
checked program was:
/* begin */
1: #include "ruby.h"
2: 
3: #include <mysql.h>
/* end */

--------------------

have_header: checking for mysql/mysql.h... -------------------- yes

"gcc -E -I/home/kanish/.rvm/rubies/ruby-2.1.2/include/ruby-2.1.0/i686-linux -I/home/kanish/.rvm/rubies/ruby-2.1.2/include/ruby-2.1.0/ruby/backward -I/home/kanish/.rvm/rubies/ruby-2.1.2/include/ruby-2.1.0 -I. -I/usr/local/include  -D_FILE_OFFSET_BITS=64   -O3 -fno-fast-math -ggdb3 -Wall -Wextra -Wno-unused-parameter -Wno-parentheses -Wno-long-long -Wno-missing-field-initializers -Wunused-variable -Wpointer-arith -Wwrite-strings -Wdeclaration-after-statement -Wimplicit-function-declaration  -fPIC  conftest.c -o conftest.i"
checked program was:
/* begin */
1: #include "ruby.h"
2: 
3: #include <mysql/mysql.h>
/* end */

--------------------

